0 info it worked if it ends with ok
1 verbose cli [ '/usr/local/Cellar/node/4.1.1/bin/node',
1 verbose cli   '/usr/local/bin/npm',
1 verbose cli   'install',
1 verbose cli   'timy-lr' ]
2 info using npm@2.14.4
3 info using node@v4.1.1
4 verbose install initial load of /Users/jyotsna/Projects/Website/package.json
5 verbose installManyTop reading scoped package data from /Users/jyotsna/Projects/Website/node_modules/bower/package.json
6 verbose installManyTop reading scoped package data from /Users/jyotsna/Projects/Website/node_modules/coffee/package.json
7 verbose installManyTop reading scoped package data from /Users/jyotsna/Projects/Website/node_modules/coffee-script/package.json
8 verbose installManyTop reading scoped package data from /Users/jyotsna/Projects/Website/node_modules/express/package.json
9 verbose installManyTop reading scoped package data from /Users/jyotsna/Projects/Website/node_modules/gulp/package.json
10 verbose installManyTop reading scoped package data from /Users/jyotsna/Projects/Website/node_modules/gulp-coffee/package.json
11 verbose installManyTop reading scoped package data from /Users/jyotsna/Projects/Website/node_modules/gulp-jade/package.json
12 verbose installManyTop reading scoped package data from /Users/jyotsna/Projects/Website/node_modules/gulp-livereload/package.json
13 verbose installManyTop reading scoped package data from /Users/jyotsna/Projects/Website/node_modules/gulp-sass/package.json
14 verbose installManyTop reading scoped package data from /Users/jyotsna/Projects/Website/node_modules/gulp-util/package.json
15 verbose installManyTop reading scoped package data from /Users/jyotsna/Projects/Website/node_modules/require-dir/package.json
16 verbose installManyTop reading scoped package data from /Users/jyotsna/Projects/Website/node_modules/rimraf/package.json
17 verbose installManyTop reading scoped package data from /Users/jyotsna/Projects/Website/node_modules/sass/package.json
18 verbose installManyTop reading scoped package data from /Users/jyotsna/Projects/Website/node_modules/tiny-lr/package.json
19 info package.json bower@1.4.1 No license field.
20 info package.json gulp-coffee@2.3.1 No license field.
21 info package.json sass@0.5.0 No repository field.
22 info package.json sass@0.5.0 No license field.
23 verbose readDependencies loading dependencies from /Users/jyotsna/Projects/Website/package.json
24 silly cache add args [ 'timy-lr', null ]
25 verbose cache add spec timy-lr
26 silly cache add parsed spec Result {
26 silly cache add   raw: 'timy-lr',
26 silly cache add   scope: null,
26 silly cache add   name: 'timy-lr',
26 silly cache add   rawSpec: '',
26 silly cache add   spec: '*',
26 silly cache add   type: 'range' }
27 silly addNamed timy-lr@*
28 verbose addNamed "*" is a valid semver range for timy-lr
29 silly addNameRange { name: 'timy-lr', range: '*', hasData: false }
30 silly mapToRegistry name timy-lr
31 silly mapToRegistry using default registry
32 silly mapToRegistry registry https://registry.npmjs.org/
33 silly mapToRegistry uri https://registry.npmjs.org/timy-lr
34 verbose addNameRange registry:https://registry.npmjs.org/timy-lr not in flight; fetching
35 verbose request uri https://registry.npmjs.org/timy-lr
36 verbose request no auth needed
37 info attempt registry request try #1 at 12:03:08 PM
38 verbose request id 1e7135bd16f7f2c3
39 http request GET https://registry.npmjs.org/timy-lr
40 http 404 https://registry.npmjs.org/timy-lr
41 verbose headers { 'content-type': 'application/json',
41 verbose headers   'cache-control': 'max-age=0',
41 verbose headers   'content-length': '2',
41 verbose headers   'accept-ranges': 'bytes',
41 verbose headers   date: 'Wed, 30 Sep 2015 06:33:09 GMT',
41 verbose headers   via: '1.1 varnish',
41 verbose headers   age: '0',
41 verbose headers   connection: 'keep-alive',
41 verbose headers   'x-served-by': 'cache-dfw1831-DFW',
41 verbose headers   'x-cache': 'MISS',
41 verbose headers   'x-cache-hits': '0',
41 verbose headers   'x-timer': 'S1443594789.362831,VS0,VE195' }
42 silly get cb [ 404,
42 silly get   { 'content-type': 'application/json',
42 silly get     'cache-control': 'max-age=0',
42 silly get     'content-length': '2',
42 silly get     'accept-ranges': 'bytes',
42 silly get     date: 'Wed, 30 Sep 2015 06:33:09 GMT',
42 silly get     via: '1.1 varnish',
42 silly get     age: '0',
42 silly get     connection: 'keep-alive',
42 silly get     'x-served-by': 'cache-dfw1831-DFW',
42 silly get     'x-cache': 'MISS',
42 silly get     'x-cache-hits': '0',
42 silly get     'x-timer': 'S1443594789.362831,VS0,VE195' } ]
43 verbose stack Error: Registry returned 404 for GET on https://registry.npmjs.org/timy-lr
43 verbose stack     at makeError (/usr/local/lib/node_modules/npm/node_modules/npm-registry-client/lib/request.js:263:12)
43 verbose stack     at CachingRegistryClient.<anonymous> (/usr/local/lib/node_modules/npm/node_modules/npm-registry-client/lib/request.js:241:14)
43 verbose stack     at Request._callback (/usr/local/lib/node_modules/npm/node_modules/npm-registry-client/lib/request.js:171:14)
43 verbose stack     at Request.self.callback (/usr/local/lib/node_modules/npm/node_modules/request/request.js:198:22)
43 verbose stack     at emitTwo (events.js:87:13)
43 verbose stack     at Request.emit (events.js:172:7)
43 verbose stack     at Request.<anonymous> (/usr/local/lib/node_modules/npm/node_modules/request/request.js:1073:14)
43 verbose stack     at emitOne (events.js:82:20)
43 verbose stack     at Request.emit (events.js:169:7)
43 verbose stack     at IncomingMessage.<anonymous> (/usr/local/lib/node_modules/npm/node_modules/request/request.js:1019:12)
44 verbose statusCode 404
45 verbose pkgid timy-lr
46 verbose cwd /Users/jyotsna/Projects/Website
47 error Darwin 14.5.0
48 error argv "/usr/local/Cellar/node/4.1.1/bin/node" "/usr/local/bin/npm" "install" "timy-lr"
49 error node v4.1.1
50 error npm  v2.14.4
51 error code E404
52 error 404 Registry returned 404 for GET on https://registry.npmjs.org/timy-lr
52 error 404
52 error 404 'timy-lr' is not in the npm registry.
52 error 404 You should bug the author to publish it (or use the name yourself!)
52 error 404
52 error 404 Note that you can also install from a
52 error 404 tarball, folder, http url, or git url.
53 verbose exit [ 1, true ]
